2021-08-11 16:46:12,509 diff parser start
2021-08-11 16:46:12,510 line_lengths old: 1; new: 1
2021-08-11 16:46:12,510 -> code[replace] old[1:1] new[1:1]
2021-08-11 16:46:12,511 parse_part from 1 to 1 (to 0 in part parser)
2021-08-11 16:46:12,511 diff parser end
2021-08-11 16:46:31,078 diff parser start
2021-08-11 16:46:31,078 line_lengths old: 1; new: 1
2021-08-11 16:46:31,079 -> code[replace] old[1:1] new[1:1]
2021-08-11 16:46:31,079 parse_part from 1 to 1 (to 0 in part parser)
2021-08-11 16:46:31,079 diff parser end
2021-08-11 16:48:52,427 diff parser start
2021-08-11 16:48:52,427 line_lengths old: 1; new: 1
2021-08-11 16:48:52,427 -> code[replace] old[1:1] new[1:1]
2021-08-11 16:48:52,427 parse_part from 1 to 1 (to 0 in part parser)
2021-08-11 16:48:52,427 diff parser end
2021-08-11 16:48:55,571 diff parser start
2021-08-11 16:48:55,571 line_lengths old: 1; new: 1
2021-08-11 16:48:55,571 -> code[replace] old[1:1] new[1:1]
2021-08-11 16:48:55,571 parse_part from 1 to 1 (to 0 in part parser)
2021-08-11 16:48:55,571 diff parser end
2021-08-11 16:48:57,018 diff parser start
2021-08-11 16:48:57,019 line_lengths old: 1; new: 1
2021-08-11 16:48:57,019 -> code[replace] old[1:1] new[1:1]
2021-08-11 16:48:57,020 parse_part from 1 to 1 (to 0 in part parser)
2021-08-11 16:48:57,020 diff parser end
2021-08-11 16:48:58,323 diff parser start
2021-08-11 16:48:58,323 line_lengths old: 1; new: 1
2021-08-11 16:48:58,323 -> code[replace] old[1:1] new[1:1]
2021-08-11 16:48:58,323 parse_part from 1 to 1 (to 0 in part parser)
2021-08-11 16:48:58,324 diff parser end
